<?xml version="1.0" encoding="UTF-8"?>
<!-- Generated by org.testng.reporters.JUnitReportReporter -->
<testsuite skipped="0" hostname="WINDOWS-A3G1DEI" name="com.online5.tests.login.LoginTests" tests="2" failures="0" timestamp="31 Jul 2018 17:15:10 GMT" time="66.257" errors="0">
  <testcase name="loginNegative" time="35.628" classname="com.online5.tests.login.LoginTests"/>
  <testcase name="login" time="30.629" classname="com.online5.tests.login.LoginTests"/>
</testsuite> <!-- com.online5.tests.login.LoginTests -->
