<?xml version="1.0" encoding="UTF-8"?>
<!-- Generated by org.testng.reporters.JUnitReportReporter -->
<testsuite skipped="0" hostname="ussr-Latitude-E5440" name="com.online5.tests.apps.AppTests" tests="3" failures="0" timestamp="31 Jul 2018 08:15:39 GMT" time="69.708" errors="0">
  <testcase name="SPA_1072_searchAnAppName" time="18.299" classname="com.online5.tests.apps.AppTests"/>
  <testcase name="SPA_1073_searchAnAppNameNegative" time="33.711" classname="com.online5.tests.apps.AppTests"/>
  <testcase name="SPA_1086_selectAnApp" time="17.698" classname="com.online5.tests.apps.AppTests"/>
</testsuite> <!-- com.online5.tests.apps.AppTests -->
