<?xml version="1.0" encoding="UTF-8"?>
<!-- Generated by org.testng.reporters.JUnitReportReporter -->
<testsuite skipped="0" hostname="ussr-Latitude-E5440" name="com.online5.tests.login.LoginTests" tests="1" failures="0" timestamp="04 Aug 2018 00:41:36 GMT" time="27.162" errors="0">
  <testcase name="login" time="27.162" classname="com.online5.tests.login.LoginTests"/>
</testsuite> <!-- com.online5.tests.login.LoginTests -->
