<?xml version="1.0" encoding="UTF-8"?>
<!-- Generated by org.testng.reporters.JUnitReportReporter -->
<testsuite skipped="0" hostname="DESKTOP-R11E6FT" name="com.online5.tests.food.FoodTests" tests="2" failures="0" timestamp="31 Jul 2018 02:39:35 GMT" time="42.914" errors="0">
  <testcase name="foodSearchTestPositive" time="28.877" classname="com.online5.tests.food.FoodTests"/>
  <testcase name="foodSearchTestNegative" time="14.037" classname="com.online5.tests.food.FoodTests"/>
</testsuite> <!-- com.online5.tests.food.FoodTests -->
