<?xml version="1.0" encoding="UTF-8"?>
<!-- Generated by org.testng.reporters.JUnitReportReporter -->
<testsuite skipped="0" hostname="ussr-Latitude-E5440" name="com.online5.tests.community.CommunityTests" tests="4" failures="0" timestamp="01 Aug 2018 22:16:42 GMT" time="76.349" errors="0">
  <testcase name="randomTopicDisplayTest" time="19.170" classname="com.online5.tests.community.CommunityTests"/>
  <testcase name="randomDiscussionOpenTest" time="15.233" classname="com.online5.tests.community.CommunityTests"/>
  <testcase name="randomDiscussionSearchTest" time="26.448" classname="com.online5.tests.community.CommunityTests"/>
  <testcase name="communityPageDisplayTest" time="15.498" classname="com.online5.tests.community.CommunityTests"/>
</testsuite> <!-- com.online5.tests.community.CommunityTests -->
