<?xml version="1.0" encoding="UTF-8"?>
<!-- Generated by org.testng.reporters.JUnitReportReporter -->
<testsuite skipped="0" hostname="DESKTOP-B3C55MD" name="com.online5.tests.exercise.ExerciseTests" tests="4" failures="0" timestamp="01 Aug 2018 02:59:11 GMT" time="75.337" errors="0">
  <testcase name="ExercisePageVerify" time="14.877" classname="com.online5.tests.exercise.ExerciseTests"/>
  <testcase name="ExerciseCaloriesBurnBox" time="21.955" classname="com.online5.tests.exercise.ExerciseTests"/>
  <testcase name="ExerciseSearchBoxTest" time="20.340" classname="com.online5.tests.exercise.ExerciseTests"/>
  <testcase name="ExerciseSearchBoxNegative" time="18.165" classname="com.online5.tests.exercise.ExerciseTests"/>
</testsuite> <!-- com.online5.tests.exercise.ExerciseTests -->
