<?xml version="1.0" encoding="UTF-8"?>
<!-- Generated by org.testng.reporters.JUnitReportReporter -->
<testsuite skipped="0" hostname="ussr-Latitude-E5440" name="com.online5.tests.exercise.ExerciseTests" tests="4" failures="0" timestamp="01 Aug 2018 22:16:42 GMT" time="90.086" errors="0">
  <testcase name="ExerciseSearchBoxNegative" time="22.961" classname="com.online5.tests.exercise.ExerciseTests"/>
  <testcase name="ExerciseSearchBoxTest" time="25.324" classname="com.online5.tests.exercise.ExerciseTests"/>
  <testcase name="ExercisePageVerify" time="17.694" classname="com.online5.tests.exercise.ExerciseTests"/>
  <testcase name="ExerciseCaloriesBurnBox" time="24.107" classname="com.online5.tests.exercise.ExerciseTests"/>
</testsuite> <!-- com.online5.tests.exercise.ExerciseTests -->
