<?xml version="1.0" encoding="UTF-8"?>
<!-- Generated by org.testng.reporters.JUnitReportReporter -->
<testsuite skipped="0" hostname="ussr-Latitude-E5440" name="com.online5.tests.login.LoginTests" tests="2" failures="0" timestamp="01 Aug 2018 14:50:03 GMT" time="30.916" errors="0">
  <testcase name="login" time="19.950" classname="com.online5.tests.login.LoginTests"/>
  <testcase name="loginNegative" time="10.966" classname="com.online5.tests.login.LoginTests"/>
</testsuite> <!-- com.online5.tests.login.LoginTests -->
