<?xml version="1.0" encoding="UTF-8"?>
<!-- Generated by org.testng.reporters.JUnitReportReporter -->
<testsuite skipped="0" hostname="ussr-Latitude-E5440" name="com.online5.tests.apps.AppTests" tests="3" failures="0" timestamp="01 Aug 2018 14:50:03 GMT" time="58.435" errors="0">
  <testcase name="SPA_1073_searchAnAppNameNegative" time="18.288" classname="com.online5.tests.apps.AppTests"/>
  <testcase name="SPA_1086_selectAnApp" time="17.938" classname="com.online5.tests.apps.AppTests"/>
  <testcase name="SPA_1072_searchAnAppName" time="22.209" classname="com.online5.tests.apps.AppTests"/>
</testsuite> <!-- com.online5.tests.apps.AppTests -->
