<?xml version="1.0" encoding="UTF-8"?>
<!-- Generated by org.testng.reporters.JUnitReportReporter -->
<testsuite skipped="0" hostname="ussr-Latitude-E5440" name="com.online5.tests.community.CommunityTests" tests="4" failures="0" timestamp="01 Aug 2018 14:50:03 GMT" time="85.715" errors="0">
  <testcase name="randomDiscussionOpenTest" time="22.266" classname="com.online5.tests.community.CommunityTests"/>
  <testcase name="communityPageDisplayTest" time="18.619" classname="com.online5.tests.community.CommunityTests"/>
  <testcase name="randomTopicDisplayTest" time="22.862" classname="com.online5.tests.community.CommunityTests"/>
  <testcase name="randomDiscussionSearchTest" time="21.968" classname="com.online5.tests.community.CommunityTests"/>
</testsuite> <!-- com.online5.tests.community.CommunityTests -->
