<?xml version="1.0" encoding="UTF-8"?>
<!-- Generated by org.testng.reporters.JUnitReportReporter -->
<testsuite skipped="0" hostname="E7450" name="com.online5.tests.community.CommunityTests" tests="1" failures="0" timestamp="30 Jul 2018 21:17:18 GMT" time="35.653" errors="0">
  <testcase name="randomDiscussionSearchTest" time="35.653" classname="com.online5.tests.community.CommunityTests"/>
</testsuite> <!-- com.online5.tests.community.CommunityTests -->
