<?xml version="1.0" encoding="UTF-8"?>
<!-- Generated by org.testng.reporters.JUnitReportReporter -->
<testsuite skipped="0" hostname="E7450" name="com.online5.tests.community.CommunityTests" tests="4" failures="0" timestamp="31 Jul 2018 01:56:23 GMT" time="120.901" errors="0">
  <testcase name="randomDiscussionSearchTest" time="18.824" classname="com.online5.tests.community.CommunityTests"/>
  <testcase name="communityPageDisplayTest" time="17.274" classname="com.online5.tests.community.CommunityTests"/>
  <testcase name="randomTopicDisplayTest" time="19.138" classname="com.online5.tests.community.CommunityTests"/>
  <testcase name="randomDiscussionOpenTest" time="65.665" classname="com.online5.tests.community.CommunityTests"/>
</testsuite> <!-- com.online5.tests.community.CommunityTests -->
