<?xml version="1.0" encoding="UTF-8"?>
<!-- Generated by org.testng.reporters.JUnitReportReporter -->
<testsuite skipped="0" hostname="E7450" name="com.online5.tests.community.CommunityTests" tests="1" failures="0" timestamp="31 Jul 2018 00:05:14 GMT" time="21.850" errors="0">
  <testcase name="randomDiscussionOpenTest" time="21.850" classname="com.online5.tests.community.CommunityTests"/>
</testsuite> <!-- com.online5.tests.community.CommunityTests -->
