<?xml version="1.0" encoding="UTF-8"?>
<!-- Generated by org.testng.reporters.JUnitReportReporter -->
<testsuite skipped="0" hostname="ussr-Latitude-E5440" name="com.online5.tests.food.FoodTests" tests="1" failures="0" timestamp="04 Aug 2018 00:41:36 GMT" time="16.548" errors="0">
  <testcase name="foodSearchTestPositive" time="16.548" classname="com.online5.tests.food.FoodTests"/>
</testsuite> <!-- com.online5.tests.food.FoodTests -->
