<?xml version="1.0" encoding="UTF-8"?>
<!-- Generated by org.testng.reporters.JUnitReportReporter -->
<testsuite skipped="0" hostname="WINDOWS-A3G1DEI" name="com.online5.tests.login.LoginTests" tests="2" failures="0" timestamp="01 Aug 2018 19:28:27 GMT" time="31.190" errors="0">
  <testcase name="login" time="16.162" classname="com.online5.tests.login.LoginTests"/>
  <testcase name="loginNegative" time="15.028" classname="com.online5.tests.login.LoginTests"/>
</testsuite> <!-- com.online5.tests.login.LoginTests -->
