<?xml version="1.0" encoding="UTF-8"?>
<!-- Generated by org.testng.reporters.JUnitReportReporter -->
<testsuite skipped="0" hostname="ussr-Latitude-E5440" name="com.online5.tests.exercise.ExerciseTests" tests="4" failures="0" timestamp="01 Aug 2018 14:50:03 GMT" time="80.923" errors="0">
  <testcase name="ExercisePageVerify" time="12.797" classname="com.online5.tests.exercise.ExerciseTests"/>
  <testcase name="ExerciseCaloriesBurnBox" time="26.918" classname="com.online5.tests.exercise.ExerciseTests"/>
  <testcase name="ExerciseSearchBoxTest" time="20.702" classname="com.online5.tests.exercise.ExerciseTests"/>
  <testcase name="ExerciseSearchBoxNegative" time="20.506" classname="com.online5.tests.exercise.ExerciseTests"/>
</testsuite> <!-- com.online5.tests.exercise.ExerciseTests -->
