<?xml version="1.0" encoding="UTF-8"?>
<!-- Generated by org.testng.reporters.JUnitReportReporter -->
<testsuite skipped="0" hostname="ussr-Latitude-E5440" name="com.online5.tests.apps.AppTests" tests="3" failures="0" timestamp="31 Jul 2018 21:00:13 GMT" time="49.184" errors="0">
  <testcase name="SPA_1072_searchAnAppName" time="15.080" classname="com.online5.tests.apps.AppTests"/>
  <testcase name="SPA_1073_searchAnAppNameNegative" time="15.012" classname="com.online5.tests.apps.AppTests"/>
  <testcase name="SPA_1086_selectAnApp" time="19.092" classname="com.online5.tests.apps.AppTests"/>
</testsuite> <!-- com.online5.tests.apps.AppTests -->
