<?xml version="1.0" encoding="UTF-8"?>
<!-- Generated by org.testng.reporters.JUnitReportReporter -->
<testsuite skipped="0" hostname="DESKTOP-B3C55MD" name="com.online5.tests.food.FoodTests" tests="4" failures="0" timestamp="31 Jul 2018 23:01:13 GMT" time="88.625" errors="0">
  <testcase name="foodSearchTestPositive" time="21.571" classname="com.online5.tests.food.FoodTests"/>
  <testcase name="foodSearchTestNegative" time="18.312" classname="com.online5.tests.food.FoodTests"/>
  <testcase name="nutritionTablePositve" time="27.771" classname="com.online5.tests.food.FoodTests"/>
  <testcase name="nutritionTableNegative" time="20.971" classname="com.online5.tests.food.FoodTests"/>
</testsuite> <!-- com.online5.tests.food.FoodTests -->
