<?xml version="1.0" encoding="UTF-8"?>
<!-- Generated by org.testng.reporters.JUnitReportReporter -->
<testsuite skipped="0" hostname="ussr-Latitude-E5440" name="com.online5.tests.login.LoginTests" tests="2" failures="0" timestamp="01 Aug 2018 22:16:42 GMT" time="26.739" errors="0">
  <testcase name="login" time="16.626" classname="com.online5.tests.login.LoginTests"/>
  <testcase name="loginNegative" time="10.113" classname="com.online5.tests.login.LoginTests"/>
</testsuite> <!-- com.online5.tests.login.LoginTests -->
