<?xml version="1.0" encoding="UTF-8"?>
<!-- Generated by org.testng.reporters.JUnitReportReporter -->
<testsuite skipped="0" hostname="DESKTOP-B3C55MD" name="com.online5.tests.exercise.ExerciseTests" tests="4" failures="0" timestamp="31 Jul 2018 18:42:26 GMT" time="71.867" errors="0">
  <testcase name="verifyExercisePage" time="11.865" classname="com.online5.tests.exercise.ExerciseTests"/>
  <testcase name="ExerciseCaloriesBurnBox" time="22.363" classname="com.online5.tests.exercise.ExerciseTests"/>
  <testcase name="ExerciseSearchBoxNegative" time="21.125" classname="com.online5.tests.exercise.ExerciseTests"/>
  <testcase name="ExerciseSearchBoxTest" time="16.514" classname="com.online5.tests.exercise.ExerciseTests"/>
</testsuite> <!-- com.online5.tests.exercise.ExerciseTests -->
