<?xml version="1.0" encoding="UTF-8"?>
<!-- Generated by org.testng.reporters.JUnitReportReporter -->
<testsuite skipped="0" hostname="ussr-Latitude-E5440" name="com.online5.tests.food.FoodTests" tests="4" failures="0" timestamp="01 Aug 2018 22:16:42 GMT" time="96.632" errors="0">
  <testcase name="foodSearchTestPositive" time="22.728" classname="com.online5.tests.food.FoodTests"/>
  <testcase name="nutritionTablePositve" time="25.255" classname="com.online5.tests.food.FoodTests"/>
  <testcase name="nutritionTableNegative" time="26.330" classname="com.online5.tests.food.FoodTests"/>
  <testcase name="foodSearchTestNegative" time="22.319" classname="com.online5.tests.food.FoodTests"/>
</testsuite> <!-- com.online5.tests.food.FoodTests -->
