<?xml version="1.0" encoding="UTF-8"?>
<!-- Generated by org.testng.reporters.JUnitReportReporter -->
<testsuite skipped="0" hostname="DESKTOP-B3C55MD" name="com.online5.tests.exercise.ExerciseTests" tests="4" failures="0" timestamp="01 Aug 2018 16:02:08 GMT" time="100.110" errors="0">
  <testcase name="ExerciseCaloriesBurnBox" time="21.730" classname="com.online5.tests.exercise.ExerciseTests"/>
  <testcase name="ExercisePageVerify" time="18.375" classname="com.online5.tests.exercise.ExerciseTests"/>
  <testcase name="ExerciseSearchBoxTest" time="23.661" classname="com.online5.tests.exercise.ExerciseTests"/>
  <testcase name="ExerciseSearchBoxNegative" time="36.344" classname="com.online5.tests.exercise.ExerciseTests"/>
</testsuite> <!-- com.online5.tests.exercise.ExerciseTests -->
