<?xml version="1.0" encoding="UTF-8"?>
<!-- Generated by org.testng.reporters.JUnitReportReporter -->
<testsuite skipped="0" hostname="E7450" name="com.online5.tests.community.CommunityTests" tests="2" failures="0" timestamp="30 Jul 2018 20:27:48 GMT" time="53.157" errors="0">
  <testcase name="communityPageDisplayTest" time="19.361" classname="com.online5.tests.community.CommunityTests"/>
  <testcase name="randomMainTopicTest" time="33.796" classname="com.online5.tests.community.CommunityTests"/>
</testsuite> <!-- com.online5.tests.community.CommunityTests -->
