<?xml version="1.0" encoding="UTF-8"?>
<!-- Generated by org.testng.reporters.JUnitReportReporter -->
<testsuite skipped="4" hostname="LAPTOP-U3SON4MT" name="com.online5.tests.exercise.ExerciseTests" tests="8" failures="0" timestamp="02 Aug 2018 20:36:28 GMT" time="71.279" errors="0">
  <testcase name="exerciseVerificationTest" time="19.485" classname="com.online5.tests.exercise.ExerciseTests"/>
  <testcase name="coloriesBurnedTest" time="17.044" classname="com.online5.tests.exercise.ExerciseTests"/>
  <testcase name="invalidTimeTest" time="18.991" classname="com.online5.tests.exercise.ExerciseTests"/>
  <testcase name="weightCoversionTest" time="15.759" classname="com.online5.tests.exercise.ExerciseTests"/>
  <testcase name="ExerciseSearchBoxTest" classname="com.online5.tests.exercise.ExerciseTests">
    <skipped/>
  </testcase> <!-- ExerciseSearchBoxTest -->
  <testcase name="ExerciseSearchBoxNegative" classname="com.online5.tests.exercise.ExerciseTests">
    <skipped/>
  </testcase> <!-- ExerciseSearchBoxNegative -->
  <testcase name="ExerciseCaloriesBurnBox" classname="com.online5.tests.exercise.ExerciseTests">
    <skipped/>
  </testcase> <!-- ExerciseCaloriesBurnBox -->
  <testcase name="ExercisePageVerify" classname="com.online5.tests.exercise.ExerciseTests">
    <skipped/>
  </testcase> <!-- ExercisePageVerify -->
</testsuite> <!-- com.online5.tests.exercise.ExerciseTests -->
